<?xml version="1.0" encoding="UTF-8"?>
<!-- Generated by org.testng.reporters.JUnitReportReporter -->
<testsuite hostname="Shumson" failures="0" tests="3" name="automation.Windows_Selenium" time="69.419" errors="0" timestamp="2023-06-22T19:39:42 EDT" skipped="0">
  <testcase classname="automation.Windows_Selenium" name="button1" time="22.031"/>
  <system-out/>
  <testcase classname="automation.Windows_Selenium" name="button2" time="20.381"/>
  <system-out/>
  <testcase classname="automation.Windows_Selenium" name="button3" time="27.007"/>
  <system-out/>
</testsuite> <!-- automation.Windows_Selenium -->
